<?xml version="1.0" encoding="UTF-8"?>
<testsuites name="jest tests" tests="4" failures="0" errors="0" time="1.361">
  <testsuite name="TextEditor Component" errors="0" failures="0" skipped="0" timestamp="2025-06-25T12:38:20" time="0.759" tests="4">
    <testcase classname="TextEditor Component renders the editor with correct initial value and placeholder" name="TextEditor Component renders the editor with correct initial value and placeholder" time="0.022">
    </testcase>
    <testcase classname="TextEditor Component calls handleChange when typing in the editor" name="TextEditor Component calls handleChange when typing in the editor" time="0.117">
    </testcase>
    <testcase classname="TextEditor Component does not render an error message when errorMsg is empty" name="TextEditor Component does not render an error message when errorMsg is empty" time="0.005">
    </testcase>
    <testcase classname="TextEditor Component renders an error message when errorMsg is provided" name="TextEditor Component renders an error message when errorMsg is provided" time="0.004">
    </testcase>
  </testsuite>
</testsuites>